👁️ [AIDriver] Process DPI awareness set to PER_MONITOR_AWARE_V2
🔌 AIDriver connected to HWND 657338 ('Slay the Spire 2')
🔌 AIDriver connected to HWND 657338 ('Slay the Spire 2')
🧠 [SPIRE] Brain switched to SPIRE
🧠 [SPIRE] Triggering execute_step on SPIRE...
🧠 [SPIRE] Launching spire_loop.py from GAME folder...
🎵 Starting Autonomous Slay the Spire Infinite Loop (SPIRE)...
=======================================================
  ⌨️  キーボード操作ガイド:
  [ 1 + 2 ] → AUTO ↔ WATCH 切替（一時停止/再開）
  [ 1 + 3 ] → WATCH モード（監視・学習専用）
  [ 1 + 4 ] → COOP  モード（人間+ボット協力）
  ─────────────────────────────────────────────
  [ テンキー 1〜9 ] → その番号のカードを敵中央にドラッグ
     ※ WATCH・COOP・AUTO モード全てで有効
=======================================================
👁️ [AIDriver] Process DPI awareness set to PER_MONITOR_AWARE_V2
🔌 AIDriver connected to HWND 657338 ('Slay the Spire 2')
🔌 AIDriver connected to HWND 657338 ('Slay the Spire 2')
👀 [HumanObserver] 人間操作の監視を開始しました
📍 Current Mouse Position: (2371, 1529)

🔄 --- Loop Cycle 1 [AUTO] ---
👁️ Detected Game State: REST_SITE
⏸️ [Body] Game window lost focus. Pausing cursor action to prevent clicking on other apps...
▶️ [Body] Game window focused. Resuming cursor action.
💪 [Body] Clicking Campfire Rest Option at (550, 450)
📍 Current Mouse Position: (1713, 1546)

🔄 --- Loop Cycle 2 [AUTO] ---
👁️ Detected Game State: REST_SITE
⏸️ [Body] Game window lost focus. Pausing cursor action to prevent clicking on other apps...
